Unity Editor version:    2022.3.49f1 (4dae1bb8668d)
Branch:                  2022.3/staging
Build type:              Release
Batch mode:              YES
macOS version:           Version 15.2 (Build 24C101)
Darwin version:          24.2.0
Architecture:            x86_64
Running under Rosetta:   YES
Available memory:        16384 MB
Using pre-set license
Pro License: YES

COMMAND LINE ARGUMENTS:
/Applications/Unity/Hub/Editor/2022.3.49f1/Unity.app/Contents/MacOS/Unity
-adb2
-batchMode
-noUpm
-name
AssetImportWorker0
-projectPath
/Users/mobione/CodeAdventure
-logFile
Logs/AssetImportWorker0.log
-srvPort
58803
Successfully changed project path to: /Users/mobione/CodeAdventure
/Users/mobione/CodeAdventure
[UnityMemory] Configuration Parameters - Can be set up in boot.config
    "memorysetup-bucket-allocator-granularity=16"
    "memorysetup-bucket-allocator-bucket-count=8"
    "memorysetup-bucket-allocator-block-size=33554432"
    "memorysetup-bucket-allocator-block-count=8"
    "memorysetup-main-allocator-block-size=16777216"
    "memorysetup-thread-allocator-block-size=16777216"
    "memorysetup-gfx-main-allocator-block-size=16777216"
    "memorysetup-gfx-thread-allocator-block-size=16777216"
    "memorysetup-cache-allocator-block-size=4194304"
    "memorysetup-typetree-allocator-block-size=2097152"
    "memorysetup-profiler-bucket-allocator-granularity=16"
    "memorysetup-profiler-bucket-allocator-bucket-count=8"
    "memorysetup-profiler-bucket-allocator-block-size=33554432"
    "memorysetup-profiler-bucket-allocator-block-count=8"
    "memorysetup-profiler-allocator-block-size=16777216"
    "memorysetup-profiler-editor-allocator-block-size=1048576"
    "memorysetup-temp-allocator-size-main=16777216"
    "memorysetup-job-temp-allocator-block-size=2097152"
    "memorysetup-job-temp-allocator-block-size-background=1048576"
    "memorysetup-job-temp-allocator-reduction-small-platforms=262144"
    "memorysetup-allocator-temp-initial-block-size-main=262144"
    "memorysetup-allocator-temp-initial-block-size-worker=262144"
    "memorysetup-temp-allocator-size-background-worker=32768"
    "memorysetup-temp-allocator-size-job-worker=262144"
    "memorysetup-temp-allocator-size-preload-manager=33554432"
    "memorysetup-temp-allocator-size-nav-mesh-worker=65536"
    "memorysetup-temp-allocator-size-audio-worker=65536"
    "memorysetup-temp-allocator-size-cloud-worker=32768"
    "memorysetup-temp-allocator-size-gi-baking-worker=262144"
    "memorysetup-temp-allocator-size-gfx=262144"
Player connection [8787919360]  Target information:

Player connection [8787919360]  * "[IP] 192.168.1.91 [Port] 0 [Flags] 2 [Guid] 1809736524 [EditorId] 1809736524 [Version] 1048832 [Id] OSXEditor(0,MOBIONEs-Mac-mini-3.local) [Debug] 1 [PackageName] OSXEditor [ProjectName] Editor" 

Player connection [8787919360] Host joined multi-casting on [225.0.0.222:54997]...
Player connection [8787919360] Host joined alternative multi-casting on [225.0.0.222:34997]...
[PhysX] Initialized MultithreadedTaskDispatcher with 10 workers.
Refreshing native plugins compatible for Editor in 9.42 ms, found 2 plugins.
Preloading 0 native plugins for Editor in 0.00 ms.
Initialize engine version: 2022.3.49f1 (4dae1bb8668d)
[Subsystems] Discovering subsystems at path /Applications/Unity/Hub/Editor/2022.3.49f1/Unity.app/Contents/Resources/UnitySubsystems
[Subsystems] Discovering subsystems at path /Users/mobione/CodeAdventure/Assets
GfxDevice: creating device client; threaded=0; jobified=0
 preferred device: Apple M4 (high power)
Metal devices available: 1
0: Apple M4 (high power)
Using device Apple M4 (high power)
Initializing Metal device caps: Apple M4
Initialize mono
Mono path[0] = '/Applications/Unity/Hub/Editor/2022.3.49f1/Unity.app/Contents/Managed'
Mono path[1] = '/Applications/Unity/Hub/Editor/2022.3.49f1/Unity.app/Contents/MonoBleedingEdge/lib/mono/unityjit-macos'
Mono config path = '/Applications/Unity/Hub/Editor/2022.3.49f1/Unity.app/Contents/MonoBleedingEdge/etc'
Using monoOptions --debugger-agent=transport=dt_socket,embedding=1,server=y,suspend=n,address=127.0.0.1:56828
Begin MonoManager ReloadAssembly
Registering precompiled unity dll's ...
Register platform support module: /Applications/Unity/Hub/Editor/2022.3.49f1/Unity.app/Contents/PlaybackEngines/MacStandaloneSupport/UnityEditor.OSXStandalone.Extensions.dll
Register platform support module: /Applications/Unity/Hub/Editor/2022.3.49f1/PlaybackEngines/AndroidPlayer/UnityEditor.Android.Extensions.dll
Registered in 0.000832 seconds.
- Loaded All Assemblies, in  0.415 seconds
Native extension for Android target not found
Android Extension - Scanning For ADB Devices 194 ms
Native extension for OSXStandalone target not found
Mono: successfully reloaded assembly
- Finished resetting the current domain, in  0.976 seconds
Domain Reload Profiling: 1392ms
	BeginReloadAssembly (172ms)
		ExecutionOrderSort (0ms)
		DisableScriptedObjects (0ms)
		BackupInstance (0ms)
		ReleaseScriptingObjects (0ms)
		CreateAndSetChildDomain (2ms)
	RebuildCommonClasses (24ms)
	RebuildNativeTypeToScriptingClass (8ms)
	initialDomainReloadingComplete (100ms)
	LoadAllAssembliesAndSetupDomain (111ms)
		LoadAssemblies (170ms)
		RebuildTransferFunctionScriptingTraits (0ms)
		AnalyzeDomain (109ms)
			TypeCache.Refresh (107ms)
				TypeCache.ScanAssembly (96ms)
			ScanForSourceGeneratedMonoScriptInfo (0ms)
			ResolveRequiredComponents (1ms)
	FinalizeReload (977ms)
		ReleaseScriptCaches (0ms)
		RebuildScriptCaches (0ms)
		SetupLoadedEditorAssemblies (913ms)
			LogAssemblyErrors (0ms)
			InitializePlatformSupportModulesInManaged (457ms)
			SetLoadedEditorAssemblies (10ms)
			RefreshPlugins (0ms)
			BeforeProcessingInitializeOnLoad (6ms)
			ProcessInitializeOnLoadAttributes (306ms)
			ProcessInitializeOnLoadMethodAttributes (134ms)
			AfterProcessingInitializeOnLoad (0ms)
			EditorAssembliesLoaded (0ms)
		ExecutionOrderSort2 (0ms)
		AwakeInstancesAfterBackupRestoration (0ms)
========================================================================
Worker process is ready to serve import requests
Caller must complete domain reload
Begin MonoManager ReloadAssembly
- Loaded All Assemblies, in  0.757 seconds
Native extension for Android target not found
Native extension for OSXStandalone target not found
Package Manager log level set to [2]
[Package Manager] Server::EnsureServerProcessIsRunning -- launch failed, reason: Unity was launched with the -noUpm command-line argument
[Package Manager] UpmClient::Send -- Unable to send message (not connected to UPM process).
[Package Manager] Cannot connect to Unity Package Manager local server
Mono: successfully reloaded assembly
- Finished resetting the current domain, in  1.872 seconds
Domain Reload Profiling: 2631ms
	BeginReloadAssembly (238ms)
		ExecutionOrderSort (0ms)
		DisableScriptedObjects (30ms)
		BackupInstance (0ms)
		ReleaseScriptingObjects (0ms)
		CreateAndSetChildDomain (24ms)
	RebuildCommonClasses (26ms)
	RebuildNativeTypeToScriptingClass (8ms)
	initialDomainReloadingComplete (86ms)
	LoadAllAssembliesAndSetupDomain (400ms)
		LoadAssemblies (376ms)
		RebuildTransferFunctionScriptingTraits (0ms)
		AnalyzeDomain (140ms)
			TypeCache.Refresh (114ms)
				TypeCache.ScanAssembly (99ms)
			ScanForSourceGeneratedMonoScriptInfo (17ms)
			ResolveRequiredComponents (7ms)
	FinalizeReload (1874ms)
		ReleaseScriptCaches (0ms)
		RebuildScriptCaches (0ms)
		SetupLoadedEditorAssemblies (1596ms)
			LogAssemblyErrors (0ms)
			InitializePlatformSupportModulesInManaged (35ms)
			SetLoadedEditorAssemblies (6ms)
			RefreshPlugins (0ms)
			BeforeProcessingInitializeOnLoad (83ms)
			ProcessInitializeOnLoadAttributes (1398ms)
			ProcessInitializeOnLoadMethodAttributes (73ms)
			AfterProcessingInitializeOnLoad (1ms)
			EditorAssembliesLoaded (0ms)
		ExecutionOrderSort2 (0ms)
		AwakeInstancesAfterBackupRestoration (8ms)
Launching external process: /Applications/Unity/Hub/Editor/2022.3.49f1/Unity.app/Contents/Tools/UnityShaderCompiler
Launched and connected shader compiler UnityShaderCompiler after 0.07 seconds
Refreshing native plugins compatible for Editor in 0.64 ms, found 2 plugins.
Preloading 0 native plugins for Editor in 0.00 ms.
Unloading 3089 Unused Serialized files (Serialized files now loaded: 0)
Unloading 19 unused Assets / (48.5 KB). Loaded Objects now: 3557.
Memory consumption went from 126.4 MB to 126.3 MB.
Total: 2.638042 ms (FindLiveObjects: 0.184917 ms CreateObjectMapping: 0.051958 ms MarkObjects: 2.305833 ms  DeleteObjects: 0.094792 ms)

AssetImportParameters requested are different than current active one (requested -> active):
  custom:container-demuxer-ogg: 62fdf1f143b41e24485cea50d1cbac27 -> 
  custom:video-decoder-ogg-theora: a1e56fd34408186e4bbccfd4996cb3dc -> 
  custom:CustomObjectIndexerAttribute: 9a22284fe3817be447336de3de66b15e -> 
  custom:container-demuxer-webm: 4f35f7cbe854078d1ac9338744f61a02 -> 
  custom:container-muxer-webm: aa71ff27fc2769a1b78a27578f13a17b -> 
  custom:video-decoder-webm-vp8: 9c59270c3fd7afecdb556c50c9e8de78 -> 
  custom:SearchIndexIgnoredProperties: e643bd26f0fe6173181afceb89e7c659 -> 
  custom:AudioImporter_EditorPlatform: 3918e3fc78b5a79bad01e8451be0beb8 -> 
  custom:framework-osx-AVFoundation: e770b220cccbd017edd2c1fefb359320 -> 
  custom:video-encoder-webm-vp8: eb34c28f22e8b96e1ab97ce403110664 -> 
  custom:audio-decoder-ogg-vorbis: bf7c407c2cedff20999df2af8eb42d56 -> 
  custom:audio-encoder-webm-vorbis: bf7c407c2cedff20999df2af8eb42d56 -> 
========================================================================
Received Import Request.
  Time since last request: 18962.925895 seconds.
  path: Assets/Addressable.cs
  artifactKey: Guid(4807086977eb84ab6bb35ab65abae9ef) Importer(815301076,1909f56bfc062723c751e8b465ee728b)
Start importing Assets/Addressable.cs using Guid(4807086977eb84ab6bb35ab65abae9ef) Importer(815301076,1909f56bfc062723c751e8b465ee728b) [PhysX] Initialized MultithreadedTaskDispatcher with 10 workers.
 -> (artifact id: '3bee8a40c8b696cbec6d9912622bc29c') in 0.004243 seconds
Number of updated asset objects reloaded before import = 0
Number of asset objects unloaded after import = 0
========================================================================
Received Prepare
Caller must complete domain reload
Begin MonoManager ReloadAssembly
- Loaded All Assemblies, in  0.544 seconds
Native extension for Android target not found
Native extension for OSXStandalone target not found
[Package Manager] Server::EnsureServerProcessIsRunning -- launch failed, reason: Unity was launched with the -noUpm command-line argument
[Package Manager] UpmClient::Send -- Unable to send message (not connected to UPM process).
[Package Manager] Cannot connect to Unity Package Manager local server
Mono: successfully reloaded assembly
- Finished resetting the current domain, in  2.117 seconds
Domain Reload Profiling: 2663ms
	BeginReloadAssembly (235ms)
		ExecutionOrderSort (0ms)
		DisableScriptedObjects (28ms)
		BackupInstance (0ms)
		ReleaseScriptingObjects (0ms)
		CreateAndSetChildDomain (42ms)
	RebuildCommonClasses (24ms)
	RebuildNativeTypeToScriptingClass (8ms)
	initialDomainReloadingComplete (49ms)
	LoadAllAssembliesAndSetupDomain (228ms)
		LoadAssemblies (324ms)
		RebuildTransferFunctionScriptingTraits (0ms)
		AnalyzeDomain (22ms)
			TypeCache.Refresh (6ms)
				TypeCache.ScanAssembly (0ms)
			ScanForSourceGeneratedMonoScriptInfo (6ms)
			ResolveRequiredComponents (8ms)
	FinalizeReload (2119ms)
		ReleaseScriptCaches (0ms)
		RebuildScriptCaches (0ms)
		SetupLoadedEditorAssemblies (1568ms)
			LogAssemblyErrors (0ms)
			InitializePlatformSupportModulesInManaged (42ms)
			SetLoadedEditorAssemblies (6ms)
			RefreshPlugins (0ms)
			BeforeProcessingInitializeOnLoad (81ms)
			ProcessInitializeOnLoadAttributes (1371ms)
			ProcessInitializeOnLoadMethodAttributes (67ms)
			AfterProcessingInitializeOnLoad (0ms)
			EditorAssembliesLoaded (0ms)
		ExecutionOrderSort2 (0ms)
		AwakeInstancesAfterBackupRestoration (9ms)
Refreshing native plugins compatible for Editor in 0.55 ms, found 2 plugins.
Preloading 0 native plugins for Editor in 0.00 ms.
Unloading 3082 Unused Serialized files (Serialized files now loaded: 0)
Unloading 14 unused Assets / (28.5 KB). Loaded Objects now: 3561.
Memory consumption went from 133.3 MB to 133.3 MB.
Total: 2.399542 ms (FindLiveObjects: 0.190958 ms CreateObjectMapping: 0.041542 ms MarkObjects: 2.138875 ms  DeleteObjects: 0.027666 ms)

Prepare: number of updated asset objects reloaded= 0
AssetImportParameters requested are different than current active one (requested -> active):
  custom:scripting/monoscript/fileName/Addressable.cs: fea7a66aeda88cb9ccd9a1fda3ae5c01 -> 
  custom:container-demuxer-ogg: 62fdf1f143b41e24485cea50d1cbac27 -> 
  custom:video-decoder-ogg-theora: a1e56fd34408186e4bbccfd4996cb3dc -> 
  custom:CustomObjectIndexerAttribute: 9a22284fe3817be447336de3de66b15e -> 
  custom:container-demuxer-webm: 4f35f7cbe854078d1ac9338744f61a02 -> 
  custom:container-muxer-webm: aa71ff27fc2769a1b78a27578f13a17b -> 
  custom:video-decoder-webm-vp8: 9c59270c3fd7afecdb556c50c9e8de78 -> 
  custom:SearchIndexIgnoredProperties: e643bd26f0fe6173181afceb89e7c659 -> 
  custom:AudioImporter_EditorPlatform: 3918e3fc78b5a79bad01e8451be0beb8 -> 
  custom:framework-osx-AVFoundation: e770b220cccbd017edd2c1fefb359320 -> 
  custom:video-encoder-webm-vp8: eb34c28f22e8b96e1ab97ce403110664 -> 
  custom:audio-decoder-ogg-vorbis: bf7c407c2cedff20999df2af8eb42d56 -> 
  custom:audio-encoder-webm-vorbis: bf7c407c2cedff20999df2af8eb42d56 -> 
  custom:scripting/precompiled-assembly-types:Assembly-CSharp: ddfe423d56c39f82a09c11305321f69e -> 
========================================================================
Received Import Request.
  Time since last request: 602.804673 seconds.
  path: Assets/Audio
  artifactKey: Guid(e457a0d2758da4d5f8d9885226159583) Importer(815301076,1909f56bfc062723c751e8b465ee728b)
Start importing Assets/Audio using Guid(e457a0d2758da4d5f8d9885226159583) Importer(815301076,1909f56bfc062723c751e8b465ee728b) [PhysX] Initialized MultithreadedTaskDispatcher with 10 workers.
 -> (artifact id: '35d280aabd109feba498fd273f751f26') in 0.010538 seconds
Number of updated asset objects reloaded before import = 0
Number of asset objects unloaded after import = 0
========================================================================
Received Import Request.
  Time since last request: 0.463587 seconds.
  path: Assets/Materials
  artifactKey: Guid(e6421014126974eb0a56a7a11c63b0e9) Importer(815301076,1909f56bfc062723c751e8b465ee728b)
Start importing Assets/Materials using Guid(e6421014126974eb0a56a7a11c63b0e9) Importer(815301076,1909f56bfc062723c751e8b465ee728b) [PhysX] Initialized MultithreadedTaskDispatcher with 10 workers.
 -> (artifact id: '7659bf0d30daa84a4ed7a2e94519dd17') in 0.001039 seconds
Number of updated asset objects reloaded before import = 0
Number of asset objects unloaded after import = 0
========================================================================
Received Import Request.
  Time since last request: 1.743618 seconds.
  path: Assets/Prefabs
  artifactKey: Guid(4532650518b43499f9e7068061209f73) Importer(815301076,1909f56bfc062723c751e8b465ee728b)
Start importing Assets/Prefabs using Guid(4532650518b43499f9e7068061209f73) Importer(815301076,1909f56bfc062723c751e8b465ee728b) [PhysX] Initialized MultithreadedTaskDispatcher with 10 workers.
 -> (artifact id: '45da5751ef5a76b4e832d8d21fa31931') in 0.001077 seconds
Number of updated asset objects reloaded before import = 0
Number of asset objects unloaded after import = 0
========================================================================
Received Import Request.
  Time since last request: 0.487497 seconds.
  path: Assets/Scripts
  artifactKey: Guid(b2d594c5be6774fce99df22de29f5012) Importer(815301076,1909f56bfc062723c751e8b465ee728b)
Start importing Assets/Scripts using Guid(b2d594c5be6774fce99df22de29f5012) Importer(815301076,1909f56bfc062723c751e8b465ee728b) [PhysX] Initialized MultithreadedTaskDispatcher with 10 workers.
 -> (artifact id: '3432e497b533bf1b40df57eca2d405cf') in 0.000939 seconds
Number of updated asset objects reloaded before import = 0
Number of asset objects unloaded after import = 0
========================================================================
Received Prepare
Caller must complete domain reload
Begin MonoManager ReloadAssembly
- Loaded All Assemblies, in  0.627 seconds
Native extension for Android target not found
Native extension for OSXStandalone target not found
[Package Manager] Server::EnsureServerProcessIsRunning -- launch failed, reason: Unity was launched with the -noUpm command-line argument
[Package Manager] UpmClient::Send -- Unable to send message (not connected to UPM process).
[Package Manager] Cannot connect to Unity Package Manager local server
Mono: successfully reloaded assembly
- Finished resetting the current domain, in  2.174 seconds
Domain Reload Profiling: 2802ms
	BeginReloadAssembly (302ms)
		ExecutionOrderSort (0ms)
		DisableScriptedObjects (30ms)
		BackupInstance (0ms)
		ReleaseScriptingObjects (0ms)
		CreateAndSetChildDomain (70ms)
	RebuildCommonClasses (26ms)
	RebuildNativeTypeToScriptingClass (8ms)
	initialDomainReloadingComplete (50ms)
	LoadAllAssembliesAndSetupDomain (241ms)
		LoadAssemblies (370ms)
		RebuildTransferFunctionScriptingTraits (0ms)
		AnalyzeDomain (26ms)
			TypeCache.Refresh (7ms)
				TypeCache.ScanAssembly (0ms)
			ScanForSourceGeneratedMonoScriptInfo (9ms)
			ResolveRequiredComponents (9ms)
	FinalizeReload (2175ms)
		ReleaseScriptCaches (0ms)
		RebuildScriptCaches (0ms)
		SetupLoadedEditorAssemblies (1592ms)
			LogAssemblyErrors (0ms)
			InitializePlatformSupportModulesInManaged (44ms)
			SetLoadedEditorAssemblies (6ms)
			RefreshPlugins (0ms)
			BeforeProcessingInitializeOnLoad (85ms)
			ProcessInitializeOnLoadAttributes (1386ms)
			ProcessInitializeOnLoadMethodAttributes (70ms)
			AfterProcessingInitializeOnLoad (1ms)
			EditorAssembliesLoaded (0ms)
		ExecutionOrderSort2 (0ms)
		AwakeInstancesAfterBackupRestoration (9ms)
Refreshing native plugins compatible for Editor in 0.57 ms, found 2 plugins.
Preloading 0 native plugins for Editor in 0.00 ms.
Unloading 3082 Unused Serialized files (Serialized files now loaded: 0)
Unloading 14 unused Assets / (28.5 KB). Loaded Objects now: 3564.
Memory consumption went from 141.4 MB to 141.4 MB.
Total: 2.429625 ms (FindLiveObjects: 0.216292 ms CreateObjectMapping: 0.054834 ms MarkObjects: 2.124083 ms  DeleteObjects: 0.033958 ms)

Prepare: number of updated asset objects reloaded= 0
AssetImportParameters requested are different than current active one (requested -> active):
  custom:scripting/monoscript/fileName/Addressable.cs: 9ad62b9f07fbeb2d9574dff9729f6180 -> 
  custom:container-demuxer-ogg: 62fdf1f143b41e24485cea50d1cbac27 -> 
  custom:video-decoder-ogg-theora: a1e56fd34408186e4bbccfd4996cb3dc -> 
  custom:CustomObjectIndexerAttribute: 9a22284fe3817be447336de3de66b15e -> 
  custom:container-demuxer-webm: 4f35f7cbe854078d1ac9338744f61a02 -> 
  custom:container-muxer-webm: aa71ff27fc2769a1b78a27578f13a17b -> 
  custom:video-decoder-webm-vp8: 9c59270c3fd7afecdb556c50c9e8de78 -> 
  custom:SearchIndexIgnoredProperties: e643bd26f0fe6173181afceb89e7c659 -> 
  custom:AudioImporter_EditorPlatform: 3918e3fc78b5a79bad01e8451be0beb8 -> 
  custom:framework-osx-AVFoundation: e770b220cccbd017edd2c1fefb359320 -> 
  custom:video-encoder-webm-vp8: eb34c28f22e8b96e1ab97ce403110664 -> 
  custom:audio-decoder-ogg-vorbis: bf7c407c2cedff20999df2af8eb42d56 -> 
  custom:audio-encoder-webm-vorbis: bf7c407c2cedff20999df2af8eb42d56 -> 
  custom:scripting/precompiled-assembly-types:Assembly-CSharp: 56b4c57f4e52038b8f12ceeb647b541d -> 
========================================================================
Received Import Request.
  Time since last request: 672.387245 seconds.
  path: Assets/Helpers
  artifactKey: Guid(092700fcb77c441b7be3d5ef25a16906) Importer(815301076,1909f56bfc062723c751e8b465ee728b)
Start importing Assets/Helpers using Guid(092700fcb77c441b7be3d5ef25a16906) Importer(815301076,1909f56bfc062723c751e8b465ee728b) [PhysX] Initialized MultithreadedTaskDispatcher with 10 workers.
 -> (artifact id: 'ac0488b923464b69ab6f8027c5113457') in 0.009101 seconds
Number of updated asset objects reloaded before import = 0
Number of asset objects unloaded after import = 0
========================================================================
Received Import Request.
  Time since last request: 84.842518 seconds.
  path: Assets/Helpers/Dev_Tools
  artifactKey: Guid(7417eaeb7ce4b4acc8d0b476b7aa4660) Importer(815301076,1909f56bfc062723c751e8b465ee728b)
Start importing Assets/Helpers/Dev_Tools using Guid(7417eaeb7ce4b4acc8d0b476b7aa4660) Importer(815301076,1909f56bfc062723c751e8b465ee728b) [PhysX] Initialized MultithreadedTaskDispatcher with 10 workers.
 -> (artifact id: 'c20b9b4ab051d94cbdb2369e6abaacd9') in 0.010820 seconds
Number of updated asset objects reloaded before import = 0
Number of asset objects unloaded after import = 0
========================================================================
Received Import Request.
  Time since last request: 1.501023 seconds.
  path: Assets/Helpers/Dev_Tools/GlobalEvent.cs
  artifactKey: Guid(8ac72ae7341fea640b72491625b4b6be) Importer(815301076,1909f56bfc062723c751e8b465ee728b)
Start importing Assets/Helpers/Dev_Tools/GlobalEvent.cs using Guid(8ac72ae7341fea640b72491625b4b6be) Importer(815301076,1909f56bfc062723c751e8b465ee728b) [PhysX] Initialized MultithreadedTaskDispatcher with 10 workers.
 -> (artifact id: '03816403302813f597de998c40e48120') in 0.000382 seconds
Number of updated asset objects reloaded before import = 0
Number of asset objects unloaded after import = 0
========================================================================
Received Import Request.
  Time since last request: 7.186233 seconds.
  path: Assets/Helpers/Dev_Tools/FixResolution
  artifactKey: Guid(d52501dd79f30ae47873dc9a06dd36d1) Importer(815301076,1909f56bfc062723c751e8b465ee728b)
Start importing Assets/Helpers/Dev_Tools/FixResolution using Guid(d52501dd79f30ae47873dc9a06dd36d1) Importer(815301076,1909f56bfc062723c751e8b465ee728b) [PhysX] Initialized MultithreadedTaskDispatcher with 10 workers.
 -> (artifact id: 'fb57bc611821f8b1b6a03095b710345a') in 0.000616 seconds
Number of updated asset objects reloaded before import = 0
Number of asset objects unloaded after import = 0
========================================================================
Received Import Request.
  Time since last request: 3.287414 seconds.
  path: Assets/Helpers/Dev_Tools/Dev_PlayerPrefs.cs
  artifactKey: Guid(d0a346268bfe30a48883f554cab1b2ed) Importer(815301076,1909f56bfc062723c751e8b465ee728b)
Start importing Assets/Helpers/Dev_Tools/Dev_PlayerPrefs.cs using Guid(d0a346268bfe30a48883f554cab1b2ed) Importer(815301076,1909f56bfc062723c751e8b465ee728b) [PhysX] Initialized MultithreadedTaskDispatcher with 10 workers.
 -> (artifact id: 'bf5442bb67a52a499626a0d716c6b494') in 0.000805 seconds
Number of updated asset objects reloaded before import = 0
Number of asset objects unloaded after import = 0
========================================================================
Received Import Request.
  Time since last request: 3.240501 seconds.
  path: Assets/Helpers/Dev_Tools/CustomClassEditor.cs
  artifactKey: Guid(4c6eff32a5edc4644bf4e3d1f3236d84) Importer(815301076,1909f56bfc062723c751e8b465ee728b)
Start importing Assets/Helpers/Dev_Tools/CustomClassEditor.cs using Guid(4c6eff32a5edc4644bf4e3d1f3236d84) Importer(815301076,1909f56bfc062723c751e8b465ee728b) [PhysX] Initialized MultithreadedTaskDispatcher with 10 workers.
 -> (artifact id: 'fc32a67748f3c65e48f377834113adda') in 0.000768 seconds
Number of updated asset objects reloaded before import = 0
Number of asset objects unloaded after import = 0
========================================================================
Received Import Request.
  Time since last request: 1.388056 seconds.
  path: Assets/Helpers/Dev_Tools/AScript.cs
  artifactKey: Guid(16a3dd67fcc06c84894a90dd1365ca1e) Importer(815301076,1909f56bfc062723c751e8b465ee728b)
Start importing Assets/Helpers/Dev_Tools/AScript.cs using Guid(16a3dd67fcc06c84894a90dd1365ca1e) Importer(815301076,1909f56bfc062723c751e8b465ee728b) [PhysX] Initialized MultithreadedTaskDispatcher with 10 workers.
 -> (artifact id: 'c49b4c7cf11b646c5b43e2655f1051ba') in 0.000738 seconds
Number of updated asset objects reloaded before import = 0
Number of asset objects unloaded after import = 0
========================================================================
Received Import Request.
  Time since last request: 68.757766 seconds.
  path: Assets/Resources
  artifactKey: Guid(ead1c471c43154e9ab26c4462adad053) Importer(815301076,1909f56bfc062723c751e8b465ee728b)
Start importing Assets/Resources using Guid(ead1c471c43154e9ab26c4462adad053) Importer(815301076,1909f56bfc062723c751e8b465ee728b) [PhysX] Initialized MultithreadedTaskDispatcher with 10 workers.
 -> (artifact id: 'ecd6b84af75d73a7c382e84af4c85c88') in 0.000628 seconds
Number of updated asset objects reloaded before import = 0
Number of asset objects unloaded after import = 0
========================================================================
Received Import Request.
  Time since last request: 295.432651 seconds.
  path: Assets/Helpers/Tools/Helpers.cs
  artifactKey: Guid(c5d9c374b592aeb49b8bd78799cee4a2) Importer(815301076,1909f56bfc062723c751e8b465ee728b)
Start importing Assets/Helpers/Tools/Helpers.cs using Guid(c5d9c374b592aeb49b8bd78799cee4a2) Importer(815301076,1909f56bfc062723c751e8b465ee728b) [PhysX] Initialized MultithreadedTaskDispatcher with 10 workers.
 -> (artifact id: '68a93b46fc22a8c4fbb8e5598bcf7e9a') in 0.004416 seconds
Number of updated asset objects reloaded before import = 0
Number of asset objects unloaded after import = 0
========================================================================
Received Import Request.
  Time since last request: 58.165422 seconds.
  path: Assets/Helpers/Tools/Helpers.cs
  artifactKey: Guid(c5d9c374b592aeb49b8bd78799cee4a2) Importer(815301076,1909f56bfc062723c751e8b465ee728b)
Start importing Assets/Helpers/Tools/Helpers.cs using Guid(c5d9c374b592aeb49b8bd78799cee4a2) Importer(815301076,1909f56bfc062723c751e8b465ee728b) [PhysX] Initialized MultithreadedTaskDispatcher with 10 workers.
 -> (artifact id: 'df533cf80568176372276ede63a5f5c4') in 0.001462 seconds
Number of updated asset objects reloaded before import = 0
Number of asset objects unloaded after import = 0
========================================================================
Received Import Request.
  Time since last request: 56.159592 seconds.
  path: Assets/Helpers/Tools/Data_Test
  artifactKey: Guid(cda3e017066ed084187ea0d5dc70f019) Importer(815301076,1909f56bfc062723c751e8b465ee728b)
Start importing Assets/Helpers/Tools/Data_Test using Guid(cda3e017066ed084187ea0d5dc70f019) Importer(815301076,1909f56bfc062723c751e8b465ee728b) [PhysX] Initialized MultithreadedTaskDispatcher with 10 workers.
 -> (artifact id: '68d0469736b0e675058bdcdebf3d2a30') in 0.001851 seconds
Number of updated asset objects reloaded before import = 0
Number of asset objects unloaded after import = 0
========================================================================
Received Import Request.
  Time since last request: 9.675866 seconds.
  path: Assets/Helpers/Tools/DataLoader_Test.cs
  artifactKey: Guid(2a6350e5f2beb28469bd9f01b78347fe) Importer(815301076,1909f56bfc062723c751e8b465ee728b)
Start importing Assets/Helpers/Tools/DataLoader_Test.cs using Guid(2a6350e5f2beb28469bd9f01b78347fe) Importer(815301076,1909f56bfc062723c751e8b465ee728b) [PhysX] Initialized MultithreadedTaskDispatcher with 10 workers.
 -> (artifact id: '30e4b982a924cd6736a56a1f623a8139') in 0.001545 seconds
Number of updated asset objects reloaded before import = 0
Number of asset objects unloaded after import = 0
========================================================================
Received Import Request.
  Time since last request: 22.153540 seconds.
  path: Assets/Helpers/Tools
  artifactKey: Guid(7aa6812b40ea94e4bba80579c6ad0bc6) Importer(815301076,1909f56bfc062723c751e8b465ee728b)
Start importing Assets/Helpers/Tools using Guid(7aa6812b40ea94e4bba80579c6ad0bc6) Importer(815301076,1909f56bfc062723c751e8b465ee728b) [PhysX] Initialized MultithreadedTaskDispatcher with 10 workers.
 -> (artifact id: 'ef7ad5dd1ae8aec881bbe1d6f1464c8d') in 0.000840 seconds
Number of updated asset objects reloaded before import = 0
Number of asset objects unloaded after import = 0
========================================================================
Received Import Request.
  Time since last request: 1.386068 seconds.
  path: Assets/Helpers/Tools/Data_Test/DataRoom.txt
  artifactKey: Guid(d3b4924224dbcb445a235c028e3bf51c) Importer(815301076,1909f56bfc062723c751e8b465ee728b)
Start importing Assets/Helpers/Tools/Data_Test/DataRoom.txt using Guid(d3b4924224dbcb445a235c028e3bf51c) Importer(815301076,1909f56bfc062723c751e8b465ee728b) [PhysX] Initialized MultithreadedTaskDispatcher with 10 workers.
 -> (artifact id: 'c8c454b2848b112bf05a2e8a9a0d8553') in 0.145687 seconds
Number of updated asset objects reloaded before import = 0
Number of asset objects unloaded after import = 1
========================================================================
Received Import Request.
  Time since last request: 117.973953 seconds.
  path: Assets/Helpers/Dev_Tools/Dev_PlayerPrefs.cs
  artifactKey: Guid(d0a346268bfe30a48883f554cab1b2ed) Importer(815301076,1909f56bfc062723c751e8b465ee728b)
Start importing Assets/Helpers/Dev_Tools/Dev_PlayerPrefs.cs using Guid(d0a346268bfe30a48883f554cab1b2ed) Importer(815301076,1909f56bfc062723c751e8b465ee728b) [PhysX] Initialized MultithreadedTaskDispatcher with 10 workers.
 -> (artifact id: '87de373e3b3e1badcf90bf63d554f4b7') in 0.001205 seconds
Number of updated asset objects reloaded before import = 0
Number of asset objects unloaded after import = 0
========================================================================
Received Import Request.
  Time since last request: 185.983086 seconds.
  path: Assets/Helpers/Dev_Tools/QueueExtension.cs
  artifactKey: Guid(df2ddfc546676441eb230f84e9192550) Importer(815301076,1909f56bfc062723c751e8b465ee728b)
Start importing Assets/Helpers/Dev_Tools/QueueExtension.cs using Guid(df2ddfc546676441eb230f84e9192550) Importer(815301076,1909f56bfc062723c751e8b465ee728b) [PhysX] Initialized MultithreadedTaskDispatcher with 10 workers.
 -> (artifact id: '6d78f284eeb706f92b2f7d7f25594811') in 0.002751 seconds
Number of updated asset objects reloaded before import = 0
Number of asset objects unloaded after import = 0
========================================================================
Received Import Request.
  Time since last request: 652.150067 seconds.
  path: Assets/Helpers/Dev_Tools/QueueExtension.cs
  artifactKey: Guid(df2ddfc546676441eb230f84e9192550) Importer(815301076,1909f56bfc062723c751e8b465ee728b)
Start importing Assets/Helpers/Dev_Tools/QueueExtension.cs using Guid(df2ddfc546676441eb230f84e9192550) Importer(815301076,1909f56bfc062723c751e8b465ee728b) [PhysX] Initialized MultithreadedTaskDispatcher with 10 workers.
 -> (artifact id: 'd7b4ac90434c3f03f78f6bc6ca4bf45f') in 0.001430 seconds
Number of updated asset objects reloaded before import = 0
Number of asset objects unloaded after import = 0
========================================================================
Received Import Request.
  Time since last request: 208.974196 seconds.
  path: Assets/Helpers/Tools/MenuItemFade_Remake.cs
  artifactKey: Guid(1c239e7e39ced7d499c60ccfb6cb6d4a) Importer(815301076,1909f56bfc062723c751e8b465ee728b)
Start importing Assets/Helpers/Tools/MenuItemFade_Remake.cs using Guid(1c239e7e39ced7d499c60ccfb6cb6d4a) Importer(815301076,1909f56bfc062723c751e8b465ee728b) [PhysX] Initialized MultithreadedTaskDispatcher with 10 workers.
 -> (artifact id: '304b53b28f2273e48194d081c2d1026e') in 0.001847 seconds
Number of updated asset objects reloaded before import = 0
Number of asset objects unloaded after import = 0
========================================================================
Received Import Request.
  Time since last request: 13.349498 seconds.
  path: Assets/Helpers/Tools/MenuItemFadeCanvasGroup.cs
  artifactKey: Guid(1c239e7e39ced7d499c60ccfb6cb6d4a) Importer(815301076,1909f56bfc062723c751e8b465ee728b)
Start importing Assets/Helpers/Tools/MenuItemFadeCanvasGroup.cs using Guid(1c239e7e39ced7d499c60ccfb6cb6d4a) Importer(815301076,1909f56bfc062723c751e8b465ee728b) [PhysX] Initialized MultithreadedTaskDispatcher with 10 workers.
 -> (artifact id: '6c0d16e5c3d05d801e5da44cb04a720b') in 0.001123 seconds
Number of updated asset objects reloaded before import = 0
Number of asset objects unloaded after import = 0
========================================================================
Received Import Request.
  Time since last request: 1.037927 seconds.
  path: Assets/Helpers/Tools/MenuItemDefault.cs
  artifactKey: Guid(cb6cafad65a800747aae4115d3c6708f) Importer(815301076,1909f56bfc062723c751e8b465ee728b)
Start importing Assets/Helpers/Tools/MenuItemDefault.cs using Guid(cb6cafad65a800747aae4115d3c6708f) Importer(815301076,1909f56bfc062723c751e8b465ee728b) [PhysX] Initialized MultithreadedTaskDispatcher with 10 workers.
 -> (artifact id: 'd5349b669d851d62efc9d63602bc4446') in 0.001014 seconds
Number of updated asset objects reloaded before import = 0
Number of asset objects unloaded after import = 0
========================================================================
Received Prepare
Caller must complete domain reload
Begin MonoManager ReloadAssembly
- Loaded All Assemblies, in  1.220 seconds
Native extension for Android target not found
Native extension for OSXStandalone target not found
[Package Manager] Server::EnsureServerProcessIsRunning -- launch failed, reason: Unity was launched with the -noUpm command-line argument
[Package Manager] UpmClient::Send -- Unable to send message (not connected to UPM process).
[Package Manager] Cannot connect to Unity Package Manager local server
Mono: successfully reloaded assembly
- Finished resetting the current domain, in  4.396 seconds
Domain Reload Profiling: 5617ms
	BeginReloadAssembly (555ms)
		ExecutionOrderSort (0ms)
		DisableScriptedObjects (43ms)
		BackupInstance (0ms)
		ReleaseScriptingObjects (0ms)
		CreateAndSetChildDomain (189ms)
	RebuildCommonClasses (28ms)
	RebuildNativeTypeToScriptingClass (9ms)
	initialDomainReloadingComplete (76ms)
	LoadAllAssembliesAndSetupDomain (552ms)
		LoadAssemblies (669ms)
		RebuildTransferFunctionScriptingTraits (0ms)
		AnalyzeDomain (131ms)
			TypeCache.Refresh (88ms)
				TypeCache.ScanAssembly (73ms)
			ScanForSourceGeneratedMonoScriptInfo (31ms)
			ResolveRequiredComponents (11ms)
	FinalizeReload (4397ms)
		ReleaseScriptCaches (0ms)
		RebuildScriptCaches (0ms)
		SetupLoadedEditorAssemblies (3210ms)
			LogAssemblyErrors (0ms)
			InitializePlatformSupportModulesInManaged (54ms)
			SetLoadedEditorAssemblies (10ms)
			RefreshPlugins (0ms)
			BeforeProcessingInitializeOnLoad (116ms)
			ProcessInitializeOnLoadAttributes (2449ms)
			ProcessInitializeOnLoadMethodAttributes (578ms)
			AfterProcessingInitializeOnLoad (1ms)
			EditorAssembliesLoaded (2ms)
		ExecutionOrderSort2 (0ms)
		AwakeInstancesAfterBackupRestoration (22ms)
Refreshing native plugins compatible for Editor in 0.78 ms, found 2 plugins.
Preloading 0 native plugins for Editor in 0.00 ms.
Unloading 3140 Unused Serialized files (Serialized files now loaded: 0)
Unloading 28 unused Assets / (29.5 KB). Loaded Objects now: 3688.
Memory consumption went from 175.4 MB to 175.4 MB.
Total: 26.941917 ms (FindLiveObjects: 1.006375 ms CreateObjectMapping: 0.045375 ms MarkObjects: 25.789708 ms  DeleteObjects: 0.099666 ms)

Prepare: number of updated asset objects reloaded= 0
AssetImportParameters requested are different than current active one (requested -> active):
  custom:scripting/monoscript/fileName/Addressable.cs: 9ad62b9f07fbeb2d9574dff9729f6180 -> 
  custom:scripting/monoscript/fileName/DOTweenModuleUtils.cs: 34ad347c902a97803d1c13fe65e97957 -> 
  custom:scripting/monoscript/fileName/ResourceLoader.cs: 90647cc400823b41df847a6cbfc29026 -> 
  custom:container-demuxer-ogg: 62fdf1f143b41e24485cea50d1cbac27 -> 
  custom:scripting/monoscript/fileName/MenuItemFadeCanvasGroup.cs: cf7686ec8c5533ad834c34e0a78bb220 -> 
  custom:scripting/monoscript/fileName/DOTweenPreviewManager.cs: c36c1e1f6226ef87f96bd51d8bc96fa8 -> 
  custom:scripting/precompiled-assembly-types:DemiEditor: 9713a9ebd7b71f042b3f988bdcfde787 -> 
  custom:scripting/monoscript/fileName/Dev_PlayerPrefs.cs: 9cc333f82cebf84e026c0436437b59a8 -> 
  custom:scripting/monoscript/fileName/MenuItemFade.cs: 367eedf5159733eb35e72a7c32439424 -> 
  custom:scripting/monoscript/fileName/DOTweenAnimation.cs: 286489be3d35a4600ea78795edfec99e -> 
  custom:scripting/monoscript/fileName/DOTweenAnimationInspector.cs: e2903dd856fc6b745b3db9c24a3d69cd -> 
  custom:scripting/monoscript/fileName/MenuItemDefault.cs: 664ef3c0775aa35057dbf440be64a791 -> 
  custom:scripting/monoscript/fileName/Helpers.cs: 3e404b493ae1dfee1a72d8b919e54653 -> 
  custom:scripting/precompiled-assembly-types:Assembly-CSharp-Editor-firstpass: 23c2b7ec28c59d5ca69f596615a98fdc -> 
  custom:video-decoder-ogg-theora: a1e56fd34408186e4bbccfd4996cb3dc -> 
  custom:scripting/precompiled-assembly-types:Sirenix.OdinInspector.Attributes: a7a52d4f0c73a229b317f0c13e67e14a -> 
  custom:scripting/monoscript/fileName/DOTweenModuleUnityVersion.cs: 5fda8b30fb2f0276062c9b201e3b53c4 -> 
  custom:scripting/precompiled-assembly-types:Sirenix.Serialization.Config: d73bda365eaf1e1c6acc941bd4635622 -> 
  custom:scripting/monoscript/fileName/DOTweenModuleUI.cs: 53c26b618f695b59a868eebdc97332ad -> 
  custom:scripting/monoscript/fileName/MenuItemScale.cs: c1102cf92ad1926950c85a5bbfaa3dc5 -> 
  custom:scripting/precompiled-assembly-types:Assembly-CSharp-firstpass: 7fad2f9acc08ab8ac3825b37d9b43be8 -> 
  custom:scripting/precompiled-assembly-types:DOTweenProEditor: 51bc1a80d96a2a35af34dfc86b4db341 -> 
  custom:scripting/monoscript/fileName/FixResolutionCanvas.cs: 2ed572304e39047142c8a93542955757 -> 
  custom:scripting/monoscript/fileName/DynamicGridLayout.cs: 6073613d4c71c4c197dc046b26fc3d01 -> 
  custom:scripting/precompiled-assembly-types:DOTween: 41770a3e10244ae0a34e714162bbdba6 -> 
  custom:scripting/monoscript/fileName/ObjectRotator.cs: aeeac2f60528e7ddaafe9465650e2b80 -> 
  custom:scripting/precompiled-assembly-types:DOTweenPro: a663f20935f73026b0a02781a4652876 -> 
  custom:scripting/precompiled-assembly-types:Sirenix.Utilities: 3619aea7eabab7c28cc8a163d55f774d -> 
  custom:scripting/monoscript/fileName/VersionText.cs: 51dc30f5d9b7823e3b68edb34df9b330 -> 
  custom:CustomObjectIndexerAttribute: 9a22284fe3817be447336de3de66b15e -> 
  custom:container-demuxer-webm: 4f35f7cbe854078d1ac9338744f61a02 -> 
  custom:scripting/monoscript/fileName/GlobalEvent.cs: 064f742955b6acd400bf5af59a7a3682 -> 
  custom:scripting/monoscript/fileName/Singleton.cs: 8f6297df34271fdb1ce2d9607ec6261d -> 90647cc400823b41df847a6cbfc29026
  custom:container-muxer-webm: aa71ff27fc2769a1b78a27578f13a17b -> 
  custom:video-decoder-webm-vp8: 9c59270c3fd7afecdb556c50c9e8de78 -> 
  custom:scripting/precompiled-assembly-types:Sirenix.Serialization: 000a011835296a41d8f928b8c8af0765 -> 
  custom:scripting/monoscript/fileName/PopupBase.cs: 50b7ba274e7ebe8a83f9a134076f2ce6 -> 
  custom:SearchIndexIgnoredProperties: e643bd26f0fe6173181afceb89e7c659 -> 
  custom:scripting/precompiled-assembly-types:Sirenix.OdinInspector.Editor: 781188c74c651d67d9ed9ef1bd66cce2 -> 
  custom:AudioImporter_EditorPlatform: 3918e3fc78b5a79bad01e8451be0beb8 -> 
  custom:scripting/monoscript/fileName/DOTweenModuleAudio.cs: 371877257ce39f5f0996ea556debbc8a -> 
  custom:scripting/monoscript/fileName/DOTweenModulePhysics2D.cs: 63b0e5981d81d026672954b54596f5ae -> 
  custom:scripting/monoscript/fileName/FixResolutionCanvasEditor.cs: 07eb6e8f9d5e996dfe61df780b34405c -> 
  custom:scripting/monoscript/fileName/DOTweenProShortcuts.cs: 3862ae8ad7f99f5efe22902c80795369 -> 
  custom:scripting/precompiled-assembly-types:DOTweenEditor: 1efdf497b099e4e6944f0dd7fb28c744 -> 
  custom:scripting/monoscript/fileName/MenuItem.cs: d0d8ec6c25a15cc4f02f1e2b3245c0f0 -> 
  custom:scripting/monoscript/fileName/MenuAnimationControl.cs: 434ae4e598354fa4e6071d842430acc3 -> 
  custom:framework-osx-AVFoundation: e770b220cccbd017edd2c1fefb359320 -> 
  custom:scripting/monoscript/fileName/QueueExtension.cs: 1b237d6cfb73073c61535fc9fb5ccb57 -> 
  custom:scripting/monoscript/fileName/DOTweenModuleSprite.cs: e35fb5eb1c483cffc283a374a5e25466 -> 
  custom:scripting/precompiled-assembly-types:Sirenix.Utilities.Editor: ebae6c63855466ce38e7eb319e246f71 -> 
  custom:video-encoder-webm-vp8: eb34c28f22e8b96e1ab97ce403110664 -> 
  custom:scripting/monoscript/fileName/MenuItemMove.cs: 5a21fd8f4750f4fdcfbb963df6283c36 -> 
  custom:scripting/monoscript/fileName/DOTweenModulePhysics.cs: 87f8974001cd2397421cfdcad1904e83 -> 
  custom:audio-decoder-ogg-vorbis: bf7c407c2cedff20999df2af8eb42d56 -> 
  custom:scripting/precompiled-assembly-types:DemiLib: 2d2fa88ff7102d8d3fb38715c5e5e089 -> 
  custom:scripting/monoscript/fileName/ScreenTemplate.cs: a4a8430d391353174558f6f9942c2610 -> 
  custom:scripting/monoscript/fileName/UnbiasedTime.cs: 8382262c4087fc5278cdc2f6213f3487 -> 
  custom:scripting/monoscript/fileName/OdinUpgrader.cs: ee3d9228da7555b7ff3d8bc8c2e703d7 -> 
  custom:scripting/monoscript/fileName/SafeArea.cs: f670432a54c0306fc7179efb664ac5f5 -> 
  custom:scripting/precompiled-assembly-types:DOTweenUpgradeManager: 16e542c52fa73d4cbcd5cf54d161ea3b -> 
  custom:audio-encoder-webm-vorbis: bf7c407c2cedff20999df2af8eb42d56 -> 
  custom:scripting/precompiled-assembly-types:Assembly-CSharp-Editor: 74d472cd7ab3ee2343b1fc45b81b898f -> 
  custom:scripting/precompiled-assembly-types:Assembly-CSharp: ef29ec41b446c4d10d6574da3137750c -> 
  custom:scripting/precompiled-assembly-types:Sirenix.Reflection.Editor: f1d6e4992778295923e6cbd73e232379 -> 
========================================================================
Received Prepare
Caller must complete domain reload
Begin MonoManager ReloadAssembly
- Loaded All Assemblies, in  0.849 seconds
Native extension for Android target not found
Native extension for OSXStandalone target not found
[Package Manager] Server::EnsureServerProcessIsRunning -- launch failed, reason: Unity was launched with the -noUpm command-line argument
[Package Manager] UpmClient::Send -- Unable to send message (not connected to UPM process).
[Package Manager] Cannot connect to Unity Package Manager local server
Mono: successfully reloaded assembly
- Finished resetting the current domain, in  3.106 seconds
Domain Reload Profiling: 3956ms
	BeginReloadAssembly (337ms)
		ExecutionOrderSort (0ms)
		DisableScriptedObjects (27ms)
		BackupInstance (0ms)
		ReleaseScriptingObjects (0ms)
		CreateAndSetChildDomain (89ms)
	RebuildCommonClasses (31ms)
	RebuildNativeTypeToScriptingClass (8ms)
	initialDomainReloadingComplete (55ms)
	LoadAllAssembliesAndSetupDomain (419ms)
		LoadAssemblies (500ms)
		RebuildTransferFunctionScriptingTraits (0ms)
		AnalyzeDomain (86ms)
			TypeCache.Refresh (54ms)
				TypeCache.ScanAssembly (44ms)
			ScanForSourceGeneratedMonoScriptInfo (22ms)
			ResolveRequiredComponents (9ms)
	FinalizeReload (3106ms)
		ReleaseScriptCaches (0ms)
		RebuildScriptCaches (0ms)
		SetupLoadedEditorAssemblies (2430ms)
			LogAssemblyErrors (0ms)
			InitializePlatformSupportModulesInManaged (39ms)
			SetLoadedEditorAssemblies (6ms)
			RefreshPlugins (0ms)
			BeforeProcessingInitializeOnLoad (90ms)
			ProcessInitializeOnLoadAttributes (1737ms)
			ProcessInitializeOnLoadMethodAttributes (558ms)
			AfterProcessingInitializeOnLoad (1ms)
			EditorAssembliesLoaded (0ms)
		ExecutionOrderSort2 (0ms)
		AwakeInstancesAfterBackupRestoration (8ms)
Refreshing native plugins compatible for Editor in 0.65 ms, found 2 plugins.
Preloading 0 native plugins for Editor in 0.00 ms.
Unloading 3139 Unused Serialized files (Serialized files now loaded: 0)
Unloading 28 unused Assets / (29.5 KB). Loaded Objects now: 3690.
Memory consumption went from 186.6 MB to 186.5 MB.
Total: 13.297542 ms (FindLiveObjects: 0.251208 ms CreateObjectMapping: 0.046875 ms MarkObjects: 12.931750 ms  DeleteObjects: 0.066958 ms)

Prepare: number of updated asset objects reloaded= 0
AssetImportParameters requested are different than current active one (requested -> active):
  custom:scripting/monoscript/fileName/Addressable.cs: 9ad62b9f07fbeb2d9574dff9729f6180 -> 
  custom:scripting/monoscript/fileName/DOTweenModuleUtils.cs: 34ad347c902a97803d1c13fe65e97957 -> 
  custom:scripting/monoscript/fileName/ResourceLoader.cs: 90647cc400823b41df847a6cbfc29026 -> 
  custom:container-demuxer-ogg: 62fdf1f143b41e24485cea50d1cbac27 -> 
  custom:scripting/monoscript/fileName/MenuItemFadeCanvasGroup.cs: cf7686ec8c5533ad834c34e0a78bb220 -> 
  custom:scripting/monoscript/fileName/DOTweenPreviewManager.cs: c36c1e1f6226ef87f96bd51d8bc96fa8 -> 
  custom:scripting/precompiled-assembly-types:DemiEditor: 9713a9ebd7b71f042b3f988bdcfde787 -> 
  custom:scripting/monoscript/fileName/Dev_PlayerPrefs.cs: 9cc333f82cebf84e026c0436437b59a8 -> 
  custom:scripting/monoscript/fileName/MenuItemFade.cs: 367eedf5159733eb35e72a7c32439424 -> 
  custom:scripting/monoscript/fileName/DOTweenAnimation.cs: 286489be3d35a4600ea78795edfec99e -> 
  custom:scripting/monoscript/fileName/DOTweenAnimationInspector.cs: e2903dd856fc6b745b3db9c24a3d69cd -> 
  custom:scripting/monoscript/fileName/MenuItemDefault.cs: 664ef3c0775aa35057dbf440be64a791 -> 
  custom:scripting/monoscript/fileName/Helpers.cs: 3e404b493ae1dfee1a72d8b919e54653 -> 
  custom:scripting/precompiled-assembly-types:Assembly-CSharp-Editor-firstpass: 23c2b7ec28c59d5ca69f596615a98fdc -> 
  custom:video-decoder-ogg-theora: a1e56fd34408186e4bbccfd4996cb3dc -> 
  custom:scripting/precompiled-assembly-types:Sirenix.OdinInspector.Attributes: a7a52d4f0c73a229b317f0c13e67e14a -> 
  custom:scripting/monoscript/fileName/DOTweenModuleUnityVersion.cs: 5fda8b30fb2f0276062c9b201e3b53c4 -> 
  custom:scripting/precompiled-assembly-types:Sirenix.Serialization.Config: d73bda365eaf1e1c6acc941bd4635622 -> 
  custom:scripting/monoscript/fileName/DOTweenModuleUI.cs: 53c26b618f695b59a868eebdc97332ad -> 
  custom:scripting/monoscript/fileName/MenuItemScale.cs: c1102cf92ad1926950c85a5bbfaa3dc5 -> 
  custom:scripting/precompiled-assembly-types:Assembly-CSharp-firstpass: 7fad2f9acc08ab8ac3825b37d9b43be8 -> 
  custom:scripting/precompiled-assembly-types:DOTweenProEditor: 51bc1a80d96a2a35af34dfc86b4db341 -> 
  custom:scripting/monoscript/fileName/FixResolutionCanvas.cs: 2ed572304e39047142c8a93542955757 -> 
  custom:scripting/monoscript/fileName/DynamicGridLayout.cs: 6073613d4c71c4c197dc046b26fc3d01 -> 
  custom:scripting/precompiled-assembly-types:DOTween: 41770a3e10244ae0a34e714162bbdba6 -> 
  custom:scripting/monoscript/fileName/ObjectRotator.cs: aeeac2f60528e7ddaafe9465650e2b80 -> 
  custom:scripting/precompiled-assembly-types:DOTweenPro: a663f20935f73026b0a02781a4652876 -> 
  custom:scripting/precompiled-assembly-types:Sirenix.Utilities: 3619aea7eabab7c28cc8a163d55f774d -> 
  custom:scripting/monoscript/fileName/VersionText.cs: 51dc30f5d9b7823e3b68edb34df9b330 -> 
  custom:CustomObjectIndexerAttribute: 9a22284fe3817be447336de3de66b15e -> 
  custom:container-demuxer-webm: 4f35f7cbe854078d1ac9338744f61a02 -> 
  custom:scripting/monoscript/fileName/GlobalEvent.cs: 064f742955b6acd400bf5af59a7a3682 -> 
  custom:scripting/monoscript/fileName/Singleton.cs: 8f6297df34271fdb1ce2d9607ec6261d -> 90647cc400823b41df847a6cbfc29026
  custom:container-muxer-webm: aa71ff27fc2769a1b78a27578f13a17b -> 
  custom:video-decoder-webm-vp8: 9c59270c3fd7afecdb556c50c9e8de78 -> 
  custom:scripting/precompiled-assembly-types:Sirenix.Serialization: 000a011835296a41d8f928b8c8af0765 -> 
  custom:scripting/monoscript/fileName/PopupBase.cs: 50b7ba274e7ebe8a83f9a134076f2ce6 -> 
  custom:SearchIndexIgnoredProperties: e643bd26f0fe6173181afceb89e7c659 -> 
  custom:scripting/precompiled-assembly-types:Sirenix.OdinInspector.Editor: 781188c74c651d67d9ed9ef1bd66cce2 -> 
  custom:AudioImporter_EditorPlatform: 3918e3fc78b5a79bad01e8451be0beb8 -> 
  custom:scripting/monoscript/fileName/DOTweenModuleAudio.cs: 371877257ce39f5f0996ea556debbc8a -> 
  custom:scripting/monoscript/fileName/DOTweenModulePhysics2D.cs: 63b0e5981d81d026672954b54596f5ae -> 
  custom:scripting/monoscript/fileName/FixResolutionCanvasEditor.cs: 07eb6e8f9d5e996dfe61df780b34405c -> 
  custom:scripting/monoscript/fileName/DOTweenProShortcuts.cs: 3862ae8ad7f99f5efe22902c80795369 -> 
  custom:scripting/precompiled-assembly-types:DOTweenEditor: 1efdf497b099e4e6944f0dd7fb28c744 -> 
  custom:scripting/monoscript/fileName/MenuItem.cs: d0d8ec6c25a15cc4f02f1e2b3245c0f0 -> 
  custom:scripting/monoscript/fileName/MenuAnimationControl.cs: 434ae4e598354fa4e6071d842430acc3 -> 
  custom:framework-osx-AVFoundation: e770b220cccbd017edd2c1fefb359320 -> 
  custom:scripting/monoscript/fileName/QueueExtension.cs: 1b237d6cfb73073c61535fc9fb5ccb57 -> 
  custom:scripting/monoscript/fileName/DOTweenModuleSprite.cs: e35fb5eb1c483cffc283a374a5e25466 -> 
  custom:scripting/precompiled-assembly-types:Sirenix.Utilities.Editor: ebae6c63855466ce38e7eb319e246f71 -> 
  custom:video-encoder-webm-vp8: eb34c28f22e8b96e1ab97ce403110664 -> 
  custom:scripting/monoscript/fileName/MenuItemMove.cs: 5a21fd8f4750f4fdcfbb963df6283c36 -> 
  custom:scripting/monoscript/fileName/DOTweenModulePhysics.cs: 87f8974001cd2397421cfdcad1904e83 -> 
  custom:audio-decoder-ogg-vorbis: bf7c407c2cedff20999df2af8eb42d56 -> 
  custom:scripting/precompiled-assembly-types:DemiLib: 2d2fa88ff7102d8d3fb38715c5e5e089 -> 
  custom:scripting/monoscript/fileName/ScreenTemplate.cs: a4a8430d391353174558f6f9942c2610 -> 
  custom:scripting/monoscript/fileName/UnbiasedTime.cs: 8382262c4087fc5278cdc2f6213f3487 -> 
  custom:scripting/monoscript/fileName/OdinUpgrader.cs: ee3d9228da7555b7ff3d8bc8c2e703d7 -> 
  custom:scripting/monoscript/fileName/SafeArea.cs: f670432a54c0306fc7179efb664ac5f5 -> 
  custom:scripting/precompiled-assembly-types:DOTweenUpgradeManager: 16e542c52fa73d4cbcd5cf54d161ea3b -> 
  custom:audio-encoder-webm-vorbis: bf7c407c2cedff20999df2af8eb42d56 -> 
  custom:scripting/precompiled-assembly-types:Assembly-CSharp-Editor: 74d472cd7ab3ee2343b1fc45b81b898f -> 
  custom:scripting/precompiled-assembly-types:Assembly-CSharp: ef29ec41b446c4d10d6574da3137750c -> 
  custom:scripting/precompiled-assembly-types:Sirenix.Reflection.Editor: f1d6e4992778295923e6cbd73e232379 -> 
========================================================================
Received Prepare
Caller must complete domain reload
Begin MonoManager ReloadAssembly
- Loaded All Assemblies, in  0.731 seconds
Native extension for Android target not found
Native extension for OSXStandalone target not found
[Package Manager] Server::EnsureServerProcessIsRunning -- launch failed, reason: Unity was launched with the -noUpm command-line argument
[Package Manager] UpmClient::Send -- Unable to send message (not connected to UPM process).
[Package Manager] Cannot connect to Unity Package Manager local server
Mono: successfully reloaded assembly
- Finished resetting the current domain, in  2.862 seconds
Domain Reload Profiling: 3594ms
	BeginReloadAssembly (306ms)
		ExecutionOrderSort (0ms)
		DisableScriptedObjects (33ms)
		BackupInstance (0ms)
		ReleaseScriptingObjects (0ms)
		CreateAndSetChildDomain (98ms)
	RebuildCommonClasses (26ms)
	RebuildNativeTypeToScriptingClass (8ms)
	initialDomainReloadingComplete (57ms)
	LoadAllAssembliesAndSetupDomain (335ms)
		LoadAssemblies (440ms)
		RebuildTransferFunctionScriptingTraits (0ms)
		AnalyzeDomain (27ms)
			TypeCache.Refresh (8ms)
				TypeCache.ScanAssembly (1ms)
			ScanForSourceGeneratedMonoScriptInfo (8ms)
			ResolveRequiredComponents (9ms)
	FinalizeReload (2863ms)
		ReleaseScriptCaches (0ms)
		RebuildScriptCaches (0ms)
		SetupLoadedEditorAssemblies (2290ms)
			LogAssemblyErrors (0ms)
			InitializePlatformSupportModulesInManaged (62ms)
			SetLoadedEditorAssemblies (5ms)
			RefreshPlugins (0ms)
			BeforeProcessingInitializeOnLoad (87ms)
			ProcessInitializeOnLoadAttributes (1650ms)
			ProcessInitializeOnLoadMethodAttributes (484ms)
			AfterProcessingInitializeOnLoad (1ms)
			EditorAssembliesLoaded (0ms)
		ExecutionOrderSort2 (0ms)
		AwakeInstancesAfterBackupRestoration (7ms)
Refreshing native plugins compatible for Editor in 0.64 ms, found 2 plugins.
Preloading 0 native plugins for Editor in 0.00 ms.
Unloading 3139 Unused Serialized files (Serialized files now loaded: 0)
Unloading 28 unused Assets / (29.5 KB). Loaded Objects now: 3693.
Memory consumption went from 197.6 MB to 197.5 MB.
Total: 19.096875 ms (FindLiveObjects: 0.317292 ms CreateObjectMapping: 0.047084 ms MarkObjects: 18.659083 ms  DeleteObjects: 0.072958 ms)

Prepare: number of updated asset objects reloaded= 0
AssetImportParameters requested are different than current active one (requested -> active):
  custom:scripting/monoscript/fileName/Addressable.cs: 9ad62b9f07fbeb2d9574dff9729f6180 -> 
  custom:scripting/monoscript/fileName/DOTweenModuleUtils.cs: 34ad347c902a97803d1c13fe65e97957 -> 
  custom:scripting/monoscript/fileName/ResourceLoader.cs: 90647cc400823b41df847a6cbfc29026 -> 
  custom:container-demuxer-ogg: 62fdf1f143b41e24485cea50d1cbac27 -> 
  custom:scripting/monoscript/fileName/MenuItemFadeCanvasGroup.cs: cf7686ec8c5533ad834c34e0a78bb220 -> 
  custom:scripting/monoscript/fileName/DOTweenPreviewManager.cs: c36c1e1f6226ef87f96bd51d8bc96fa8 -> 
  custom:scripting/precompiled-assembly-types:DemiEditor: 9713a9ebd7b71f042b3f988bdcfde787 -> 
  custom:scripting/monoscript/fileName/Dev_PlayerPrefs.cs: 9cc333f82cebf84e026c0436437b59a8 -> 
  custom:scripting/monoscript/fileName/MenuItemFade.cs: 367eedf5159733eb35e72a7c32439424 -> 
  custom:scripting/monoscript/fileName/DOTweenAnimation.cs: 286489be3d35a4600ea78795edfec99e -> 
  custom:scripting/monoscript/fileName/DOTweenAnimationInspector.cs: e2903dd856fc6b745b3db9c24a3d69cd -> 
  custom:scripting/monoscript/fileName/MenuItemDefault.cs: 664ef3c0775aa35057dbf440be64a791 -> 
  custom:scripting/monoscript/fileName/Helpers.cs: 3e404b493ae1dfee1a72d8b919e54653 -> 
  custom:scripting/precompiled-assembly-types:Assembly-CSharp-Editor-firstpass: 23c2b7ec28c59d5ca69f596615a98fdc -> 
  custom:video-decoder-ogg-theora: a1e56fd34408186e4bbccfd4996cb3dc -> 
  custom:scripting/precompiled-assembly-types:Sirenix.OdinInspector.Attributes: a7a52d4f0c73a229b317f0c13e67e14a -> 
  custom:scripting/monoscript/fileName/DOTweenModuleUnityVersion.cs: 5fda8b30fb2f0276062c9b201e3b53c4 -> 
  custom:scripting/precompiled-assembly-types:Sirenix.Serialization.Config: d73bda365eaf1e1c6acc941bd4635622 -> 
  custom:scripting/monoscript/fileName/DOTweenModuleUI.cs: 53c26b618f695b59a868eebdc97332ad -> 
  custom:scripting/monoscript/fileName/MenuItemScale.cs: c1102cf92ad1926950c85a5bbfaa3dc5 -> 
  custom:scripting/precompiled-assembly-types:Assembly-CSharp-firstpass: b26c67f6a15d994bd0760e04fc84091b -> 
  custom:scripting/precompiled-assembly-types:DOTweenProEditor: 51bc1a80d96a2a35af34dfc86b4db341 -> 
  custom:scripting/monoscript/fileName/FixResolutionCanvas.cs: 2ed572304e39047142c8a93542955757 -> 
  custom:scripting/monoscript/fileName/DynamicGridLayout.cs: 6073613d4c71c4c197dc046b26fc3d01 -> 
  custom:scripting/precompiled-assembly-types:DOTween: 41770a3e10244ae0a34e714162bbdba6 -> 
  custom:scripting/monoscript/fileName/ObjectRotator.cs: aeeac2f60528e7ddaafe9465650e2b80 -> 
  custom:scripting/precompiled-assembly-types:DOTweenPro: a663f20935f73026b0a02781a4652876 -> 
  custom:scripting/precompiled-assembly-types:Sirenix.Utilities: 3619aea7eabab7c28cc8a163d55f774d -> 
  custom:scripting/monoscript/fileName/VersionText.cs: 51dc30f5d9b7823e3b68edb34df9b330 -> 
  custom:CustomObjectIndexerAttribute: 9a22284fe3817be447336de3de66b15e -> 
  custom:container-demuxer-webm: 4f35f7cbe854078d1ac9338744f61a02 -> 
  custom:scripting/monoscript/fileName/GlobalEvent.cs: 064f742955b6acd400bf5af59a7a3682 -> 
  custom:scripting/monoscript/fileName/Singleton.cs: 8f6297df34271fdb1ce2d9607ec6261d -> 90647cc400823b41df847a6cbfc29026
  custom:container-muxer-webm: aa71ff27fc2769a1b78a27578f13a17b -> 
  custom:video-decoder-webm-vp8: 9c59270c3fd7afecdb556c50c9e8de78 -> 
  custom:scripting/precompiled-assembly-types:Sirenix.Serialization: 000a011835296a41d8f928b8c8af0765 -> 
  custom:scripting/monoscript/fileName/PopupBase.cs: 50b7ba274e7ebe8a83f9a134076f2ce6 -> 
  custom:SearchIndexIgnoredProperties: e643bd26f0fe6173181afceb89e7c659 -> 
  custom:scripting/precompiled-assembly-types:Sirenix.OdinInspector.Editor: 781188c74c651d67d9ed9ef1bd66cce2 -> 
  custom:AudioImporter_EditorPlatform: 3918e3fc78b5a79bad01e8451be0beb8 -> 
  custom:scripting/monoscript/fileName/DOTweenModuleAudio.cs: 371877257ce39f5f0996ea556debbc8a -> 
  custom:scripting/monoscript/fileName/DOTweenModulePhysics2D.cs: 63b0e5981d81d026672954b54596f5ae -> 
  custom:scripting/monoscript/fileName/FixResolutionCanvasEditor.cs: 07eb6e8f9d5e996dfe61df780b34405c -> 
  custom:scripting/monoscript/fileName/DOTweenProShortcuts.cs: 3862ae8ad7f99f5efe22902c80795369 -> 
  custom:scripting/precompiled-assembly-types:DOTweenEditor: 1efdf497b099e4e6944f0dd7fb28c744 -> 
  custom:scripting/monoscript/fileName/MenuItem.cs: d0d8ec6c25a15cc4f02f1e2b3245c0f0 -> 
  custom:scripting/monoscript/fileName/MenuAnimationControl.cs: 434ae4e598354fa4e6071d842430acc3 -> 
  custom:framework-osx-AVFoundation: e770b220cccbd017edd2c1fefb359320 -> 
  custom:scripting/monoscript/fileName/QueueExtension.cs: 1b237d6cfb73073c61535fc9fb5ccb57 -> 
  custom:scripting/monoscript/fileName/DOTweenModuleSprite.cs: e35fb5eb1c483cffc283a374a5e25466 -> 
  custom:scripting/precompiled-assembly-types:Sirenix.Utilities.Editor: ebae6c63855466ce38e7eb319e246f71 -> 
  custom:video-encoder-webm-vp8: eb34c28f22e8b96e1ab97ce403110664 -> 
  custom:scripting/monoscript/fileName/MenuItemMove.cs: 5a21fd8f4750f4fdcfbb963df6283c36 -> 
  custom:scripting/monoscript/fileName/DOTweenModulePhysics.cs: 87f8974001cd2397421cfdcad1904e83 -> 
  custom:audio-decoder-ogg-vorbis: bf7c407c2cedff20999df2af8eb42d56 -> 
  custom:scripting/precompiled-assembly-types:DemiLib: 2d2fa88ff7102d8d3fb38715c5e5e089 -> 
  custom:scripting/monoscript/fileName/ScreenTemplate.cs: a4a8430d391353174558f6f9942c2610 -> 
  custom:scripting/monoscript/fileName/UnbiasedTime.cs: 8382262c4087fc5278cdc2f6213f3487 -> 
  custom:scripting/monoscript/fileName/OdinUpgrader.cs: ee3d9228da7555b7ff3d8bc8c2e703d7 -> 
  custom:scripting/monoscript/fileName/SafeArea.cs: f670432a54c0306fc7179efb664ac5f5 -> 
  custom:scripting/precompiled-assembly-types:DOTweenUpgradeManager: 16e542c52fa73d4cbcd5cf54d161ea3b -> 
  custom:audio-encoder-webm-vorbis: bf7c407c2cedff20999df2af8eb42d56 -> 
  custom:scripting/precompiled-assembly-types:Assembly-CSharp-Editor: 74d472cd7ab3ee2343b1fc45b81b898f -> 
  custom:scripting/precompiled-assembly-types:Assembly-CSharp: ef29ec41b446c4d10d6574da3137750c -> 
  custom:scripting/precompiled-assembly-types:Sirenix.Reflection.Editor: f1d6e4992778295923e6cbd73e232379 -> 
